WARN main indi.xu.owercolor.version4.test.Log4JDemo2 - 警告信息
ERROR main indi.xu.owercolor.version4.test.Log4JDemo2 - 错误信息
FATAL main indi.xu.owercolor.version4.test.Log4JDemo2 - 致命信息
WARN main indi.xu.owercolor.version4.test.Log4JDemo2 - 警告信息
ERROR main indi.xu.owercolor.version4.test.Log4JDemo2 - 错误信息
FATAL main indi.xu.owercolor.version4.test.Log4JDemo2 - 致命信息
WARN main indi.xu.owercolor.version4.test.Log4JDemo2 - 警告信息
ERROR main indi.xu.owercolor.version4.test.Log4JDemo2 - 错误信息
FATAL main indi.xu.owercolor.version4.test.Log4JDemo2 - 致命信息
WARN main indi.xu.owercolor.version4.test.Log4JDemo2 - 警告信息
ERROR main indi.xu.owercolor.version4.test.Log4JDemo2 - 错误信息
FATAL main indi.xu.owercolor.version4.test.Log4JDemo2 - 致命信息
WARN main indi.xu.owercolor.version4.test.Log4JDemo2 - 警告信息
ERROR main indi.xu.owercolor.version4.test.Log4JDemo2 - 错误信息
FATAL main indi.xu.owercolor.version4.test.Log4JDemo2 - 致命信息
WARN main indi.xu.owercolor.version4.test.Log4JDemo2 - 警告信息
ERROR main indi.xu.owercolor.version4.test.Log4JDemo2 - 错误信息
FATAL main indi.xu.owercolor.version4.test.Log4JDemo2 - 致命信息
WARN main indi.xu.owercolor.version4.test.Log4JDemo2 - 警告信息
ERROR main indi.xu.owercolor.version4.test.Log4JDemo2 - 错误信息
FATAL main indi.xu.owercolor.version4.test.Log4JDemo2 - 致命信息
WARN main indi.xu.owercolor.version4.test.Log4JDemo2 - 警告信息
ERROR main indi.xu.owercolor.version4.test.Log4JDemo2 - 错误信息
FATAL main indi.xu.owercolor.version4.test.Log4JDemo2 - 致命信息
WARN main indi.xu.owercolor.version4.test.Log4JDemo2 - 警告信息
ERROR main indi.xu.owercolor.version4.test.Log4JDemo2 - 错误信息
FATAL main indi.xu.owercolor.version4.test.Log4JDemo2 - 致命信息
WARN main indi.xu.owercolor.version4.test.Log4JDemo2 - 警告信息
ERROR main indi.xu.owercolor.version4.test.Log4JDemo2 - 错误信息
FATAL main indi.xu.owercolor.version4.test.Log4JDemo2 - 致命信息
WARN main indi.xu.owercolor.version4.test.Log4JDemo2 - 警告信息
ERROR main indi.xu.owercolor.version4.test.Log4JDemo2 - 错误信息
FATAL main indi.xu.owercolor.version4.test.Log4JDemo2 - 致命信息
WARN main indi.xu.owercolor.version4.test.Log4JDemo2 - 警告信息
ERROR main indi.xu.owercolor.version4.test.Log4JDemo2 - 错误信息
FATAL main indi.xu.owercolor.version4.test.Log4JDemo2 - 致命信息
WARN main indi.xu.owercolor.version4.test.Log4JDemo2 - 警告信息
ERROR main indi.xu.owercolor.version4.test.Log4JDemo2 - 错误信息
FATAL main indi.xu.owercolor.version4.test.Log4JDemo2 - 致命信息
WARN main indi.xu.owercolor.version4.test.Log4JDemo2 - 警告信息
ERROR main indi.xu.owercolor.version4.test.Log4JDemo2 - 错误信息
FATAL main indi.xu.owercolor.version4.test.Log4JDemo2 - 致命信息
WARN main indi.xu.owercolor.version4.test.Log4JDemo2 - 警告信息
ERROR main indi.xu.owercolor.version4.test.Log4JDemo2 - 错误信息
FATAL main indi.xu.owercolor.version4.test.Log4JDemo2 - 致命信息
WARN main indi.xu.owercolor.version4.test.Log4JDemo2 - 警告信息
ERROR main indi.xu.owercolor.version4.test.Log4JDemo2 - 错误信息
FATAL main indi.xu.owercolor.version4.test.Log4JDemo2 - 致命信息
WARN main indi.xu.owercolor.version4.test.Log4JDemo2 - 警告信息
ERROR main indi.xu.owercolor.version4.test.Log4JDemo2 - 错误信息
FATAL main indi.xu.owercolor.version4.test.Log4JDemo2 - 致命信息
WARN main indi.xu.owercolor.version4.test.Log4JDemo2 - 警告信息
ERROR main indi.xu.owercolor.version4.test.Log4JDemo2 - 错误信息
FATAL main indi.xu.owercolor.version4.test.Log4JDemo2 - 致命信息
WARN main indi.xu.owercolor.version4.test.Log4JDemo2 - 警告信息
ERROR main indi.xu.owercolor.version4.test.Log4JDemo2 - 错误信息
FATAL main indi.xu.owercolor.version4.test.Log4JDemo2 - 致命信息
WARN main indi.xu.owercolor.version4.test.Log4JDemo2 - 警告信息
ERROR main indi.xu.owercolor.version4.test.Log4JDemo2 - 错误信息
FATAL main indi.xu.owercolor.version4.test.Log4JDemo2 - 致命信息
WARN main indi.xu.owercolor.version4.test.Log4JDemo2 - 警告信息
ERROR main indi.xu.owercolor.version4.test.Log4JDemo2 - 错误信息
FATAL main indi.xu.owercolor.version4.test.Log4JDemo2 - 致命信息
WARN main indi.xu.owercolor.version4.test.Log4JDemo2 - 警告信息
ERROR main indi.xu.owercolor.version4.test.Log4JDemo2 - 错误信息
FATAL main indi.xu.owercolor.version4.test.Log4JDemo2 - 致命信息
WARN main indi.xu.owercolor.version4.test.Log4JDemo2 - 警告信息
ERROR main indi.xu.owercolor.version4.test.Log4JDemo2 - 错误信息
FATAL main indi.xu.owercolor.version4.test.Log4JDemo2 - 致命信息
WARN main indi.xu.owercolor.version4.test.Log4JDemo2 - 警告信息
ERROR main indi.xu.owercolor.version4.test.Log4JDemo2 - 错误信息
FATAL main indi.xu.owercolor.version4.test.Log4JDemo2 - 致命信息
WARN main indi.xu.owercolor.version4.test.Log4JDemo2 - 警告信息
ERROR main indi.xu.owercolor.version4.test.Log4JDemo2 - 错误信息
FATAL main indi.xu.owercolor.version4.test.Log4JDemo2 - 致命信息
WARN main indi.xu.owercolor.version4.test.Log4JDemo2 - 警告信息
ERROR main indi.xu.owercolor.version4.test.Log4JDemo2 - 错误信息
FATAL main indi.xu.owercolor.version4.test.Log4JDemo2 - 致命信息
WARN main indi.xu.owercolor.version4.test.Log4JDemo2 - 警告信息
ERROR main indi.xu.owercolor.version4.test.Log4JDemo2 - 错误信息
FATAL main indi.xu.owercolor.version4.test.Log4JDemo2 - 致命信息
WARN main indi.xu.owercolor.version4.test.Log4JDemo2 - 警告信息
ERROR main indi.xu.owercolor.version4.test.Log4JDemo2 - 错误信息
FATAL main indi.xu.owercolor.version4.test.Log4JDemo2 - 致命信息
WARN main indi.xu.owercolor.version4.test.Log4JDemo2 - 警告信息
ERROR main indi.xu.owercolor.version4.test.Log4JDemo2 - 错误信息
FATAL main indi.xu.owercolor.version4.test.Log4JDemo2 - 致命信息
WARN main indi.xu.owercolor.version4.test.Log4JDemo2 - 警告信息
ERROR main indi.xu.owercolor.version4.test.Log4JDemo2 - 错误信息
FATAL main indi.xu.owercolor.version4.test.Log4JDemo2 - 致命信息
WARN main indi.xu.owercolor.version4.test.Log4JDemo2 - 警告信息
ERROR main indi.xu.owercolor.version4.test.Log4JDemo2 - 错误信息
FATAL main indi.xu.owercolor.version4.test.Log4JDemo2 - 致命信息
WARN main indi.xu.owercolor.version4.test.Log4JDemo2 - 警告信息
ERROR main indi.xu.owercolor.version4.test.Log4JDemo2 - 错误信息
FATAL main indi.xu.owercolor.version4.test.Log4JDemo2 - 致命信息
WARN main indi.xu.owercolor.version4.test.Log4JDemo2 - 警告信息
ERROR main indi.xu.owercolor.version4.test.Log4JDemo2 - 错误信息
FATAL main indi.xu.owercolor.version4.test.Log4JDemo2 - 致命信息
WARN main indi.xu.owercolor.version4.test.Log4JDemo2 - 警告信息
ERROR main indi.xu.owercolor.version4.test.Log4JDemo2 - 错误信息
FATAL main indi.xu.owercolor.version4.test.Log4JDemo2 - 致命信息
WARN main indi.xu.owercolor.version4.test.Log4JDemo2 - 警告信息
ERROR main indi.xu.owercolor.version4.test.Log4JDemo2 - 错误信息
FATAL main indi.xu.owercolor.version4.test.Log4JDemo2 - 致命信息
WARN main indi.xu.owercolor.version4.test.Log4JDemo2 - 警告信息
ERROR main indi.xu.owercolor.version4.test.Log4JDemo2 - 错误信息
FATAL main indi.xu.owercolor.version4.test.Log4JDemo2 - 致命信息
WARN main indi.xu.owercolor.version4.test.Log4JDemo2 - 警告信息
ERROR main indi.xu.owercolor.version4.test.Log4JDemo2 - 错误信息
FATAL main indi.xu.owercolor.version4.test.Log4JDemo2 - 致命信息
WARN main indi.xu.owercolor.version4.test.Log4JDemo2 - 警告信息
ERROR main indi.xu.owercolor.version4.test.Log4JDemo2 - 错误信息
FATAL main indi.xu.owercolor.version4.test.Log4JDemo2 - 致命信息
WARN main indi.xu.owercolor.version4.test.Log4JDemo2 - 警告信息
ERROR main indi.xu.owercolor.version4.test.Log4JDemo2 - 错误信息
FATAL main indi.xu.owercolor.version4.test.Log4JDemo2 - 致命信息
WARN main indi.xu.owercolor.version4.test.Log4JDemo2 - 警告信息
ERROR main indi.xu.owercolor.version4.test.Log4JDemo2 - 错误信息
FATAL main indi.xu.owercolor.version4.test.Log4JDemo2 - 致命信息
WARN main indi.xu.owercolor.version4.test.Log4JDemo2 - 警告信息
ERROR main indi.xu.owercolor.version4.test.Log4JDemo2 - 错误信息
FATAL main indi.xu.owercolor.version4.test.Log4JDemo2 - 致命信息
WARN main indi.xu.owercolor.version4.test.Log4JDemo2 - 警告信息
ERROR main indi.xu.owercolor.version4.test.Log4JDemo2 - 错误信息
FATAL main indi.xu.owercolor.version4.test.Log4JDemo2 - 致命信息
WARN main indi.xu.owercolor.version4.test.Log4JDemo2 - 警告信息
ERROR main indi.xu.owercolor.version4.test.Log4JDemo2 - 错误信息
FATAL main indi.xu.owercolor.version4.test.Log4JDemo2 - 致命信息
WARN main indi.xu.owercolor.version4.test.Log4JDemo2 - 警告信息
ERROR main indi.xu.owercolor.version4.test.Log4JDemo2 - 错误信息
FATAL main indi.xu.owercolor.version4.test.Log4JDemo2 - 致命信息
WARN main indi.xu.owercolor.version4.test.Log4JDemo2 - 警告信息
ERROR main indi.xu.owercolor.version4.test.Log4JDemo2 - 错误信息
FATAL main indi.xu.owercolor.version4.test.Log4JDemo2 - 致命信息
WARN main indi.xu.owercolor.version4.test.Log4JDemo2 - 警告信息
ERROR main indi.xu.owercolor.version4.test.Log4JDemo2 - 错误信息
FATAL main indi.xu.owercolor.version4.test.Log4JDemo2 - 致命信息
WARN main indi.xu.owercolor.version4.test.Log4JDemo2 - 警告信息
ERROR main indi.xu.owercolor.version4.test.Log4JDemo2 - 错误信息
FATAL main indi.xu.owercolor.version4.test.Log4JDemo2 - 致命信息
WARN main indi.xu.owercolor.version4.test.Log4JDemo2 - 警告信息
ERROR main indi.xu.owercolor.version4.test.Log4JDemo2 - 错误信息
FATAL main indi.xu.owercolor.version4.test.Log4JDemo2 - 致命信息
WARN main indi.xu.owercolor.version4.test.Log4JDemo2 - 警告信息
ERROR main indi.xu.owercolor.version4.test.Log4JDemo2 - 错误信息
FATAL main indi.xu.owercolor.version4.test.Log4JDemo2 - 致命信息
WARN main indi.xu.owercolor.version4.test.Log4JDemo2 - 警告信息
ERROR main indi.xu.owercolor.version4.test.Log4JDemo2 - 错误信息
FATAL main indi.xu.owercolor.version4.test.Log4JDemo2 - 致命信息
WARN main indi.xu.owercolor.version4.test.Log4JDemo2 - 警告信息
ERROR main indi.xu.owercolor.version4.test.Log4JDemo2 - 错误信息
FATAL main indi.xu.owercolor.version4.test.Log4JDemo2 - 致命信息
WARN main indi.xu.owercolor.version4.test.Log4JDemo2 - 警告信息
ERROR main indi.xu.owercolor.version4.test.Log4JDemo2 - 错误信息
FATAL main indi.xu.owercolor.version4.test.Log4JDemo2 - 致命信息
WARN main indi.xu.owercolor.version4.test.Log4JDemo2 - 警告信息
ERROR main indi.xu.owercolor.version4.test.Log4JDemo2 - 错误信息
FATAL main indi.xu.owercolor.version4.test.Log4JDemo2 - 致命信息
WARN main indi.xu.owercolor.version4.test.Log4JDemo2 - 警告信息
ERROR main indi.xu.owercolor.version4.test.Log4JDemo2 - 错误信息
FATAL main indi.xu.owercolor.version4.test.Log4JDemo2 - 致命信息
WARN main indi.xu.owercolor.version4.test.Log4JDemo2 - 警告信息
ERROR main indi.xu.owercolor.version4.test.Log4JDemo2 - 错误信息
FATAL main indi.xu.owercolor.version4.test.Log4JDemo2 - 致命信息
WARN main indi.xu.owercolor.version4.test.Log4JDemo2 - 警告信息
ERROR main indi.xu.owercolor.version4.test.Log4JDemo2 - 错误信息
FATAL main indi.xu.owercolor.version4.test.Log4JDemo2 - 致命信息
WARN main indi.xu.owercolor.version4.test.Log4JDemo2 - 警告信息
ERROR main indi.xu.owercolor.version4.test.Log4JDemo2 - 错误信息
FATAL main indi.xu.owercolor.version4.test.Log4JDemo2 - 致命信息
WARN main indi.xu.owercolor.version4.test.Log4JDemo2 - 警告信息
ERROR main indi.xu.owercolor.version4.test.Log4JDemo2 - 错误信息
FATAL main indi.xu.owercolor.version4.test.Log4JDemo2 - 致命信息
WARN main indi.xu.owercolor.version4.test.Log4JDemo2 - 警告信息
ERROR main indi.xu.owercolor.version4.test.Log4JDemo2 - 错误信息
FATAL main indi.xu.owercolor.version4.test.Log4JDemo2 - 致命信息
WARN main indi.xu.owercolor.version4.test.Log4JDemo2 - 警告信息
ERROR main indi.xu.owercolor.version4.test.Log4JDemo2 - 错误信息
FATAL main indi.xu.owercolor.version4.test.Log4JDemo2 - 致命信息
WARN main indi.xu.owercolor.version4.test.Log4JDemo2 - 警告信息
ERROR main indi.xu.owercolor.version4.test.Log4JDemo2 - 错误信息
FATAL main indi.xu.owercolor.version4.test.Log4JDemo2 - 致命信息
WARN main indi.xu.owercolor.version4.test.Log4JDemo2 - 警告信息
ERROR main indi.xu.owercolor.version4.test.Log4JDemo2 - 错误信息
FATAL main indi.xu.owercolor.version4.test.Log4JDemo2 - 致命信息
WARN main indi.xu.owercolor.version4.test.Log4JDemo2 - 警告信息
ERROR main indi.xu.owercolor.version4.test.Log4JDemo2 - 错误信息
FATAL main indi.xu.owercolor.version4.test.Log4JDemo2 - 致命信息
WARN main indi.xu.owercolor.version4.test.Log4JDemo2 - 警告信息
ERROR main indi.xu.owercolor.version4.test.Log4JDemo2 - 错误信息
FATAL main indi.xu.owercolor.version4.test.Log4JDemo2 - 致命信息
WARN main indi.xu.owercolor.version4.test.Log4JDemo2 - 警告信息
ERROR main indi.xu.owercolor.version4.test.Log4JDemo2 - 错误信息
FATAL main indi.xu.owercolor.version4.test.Log4JDemo2 - 致命信息
WARN main indi.xu.owercolor.version4.test.Log4JDemo2 - 警告信息
ERROR main indi.xu.owercolor.version4.test.Log4JDemo2 - 错误信息
FATAL main indi.xu.owercolor.version4.test.Log4JDemo2 - 致命信息
WARN main indi.xu.owercolor.version4.test.Log4JDemo2 - 警告信息
ERROR main indi.xu.owercolor.version4.test.Log4JDemo2 - 错误信息
FATAL main indi.xu.owercolor.version4.test.Log4JDemo2 - 致命信息
WARN main indi.xu.owercolor.version4.test.Log4JDemo2 - 警告信息
ERROR main indi.xu.owercolor.version4.test.Log4JDemo2 - 错误信息
FATAL main indi.xu.owercolor.version4.test.Log4JDemo2 - 致命信息
WARN main indi.xu.owercolor.version4.test.Log4JDemo2 - 警告信息
ERROR main indi.xu.owercolor.version4.test.Log4JDemo2 - 错误信息
FATAL main indi.xu.owercolor.version4.test.Log4JDemo2 - 致命信息
WARN main indi.xu.owercolor.version4.test.Log4JDemo2 - 警告信息
ERROR main indi.xu.owercolor.version4.test.Log4JDemo2 - 错误信息
FATAL main indi.xu.owercolor.version4.test.Log4JDemo2 - 致命信息
WARN main indi.xu.owercolor.version4.test.Log4JDemo2 - 警告信息
ERROR main indi.xu.owercolor.version4.test.Log4JDemo2 - 错误信息
FATAL main indi.xu.owercolor.version4.test.Log4JDemo2 - 致命信息
WARN main indi.xu.owercolor.version4.test.Log4JDemo2 - 警告信息
ERROR main indi.xu.owercolor.version4.test.Log4JDemo2 - 错误信息
FATAL main indi.xu.owercolor.version4.test.Log4JDemo2 - 致命信息
WARN main indi.xu.owercolor.version4.test.Log4JDemo2 - 警告信息
ERROR main indi.xu.owercolor.version4.test.Log4JDemo2 - 错误信息
FATAL main indi.xu.owercolor.version4.test.Log4JDemo2 - 致命信息
WARN main indi.xu.owercolor.version4.test.Log4JDemo2 - 警告信息
ERROR main indi.xu.owercolor.version4.test.Log4JDemo2 - 错误信息
FATAL main indi.xu.owercolor.version4.test.Log4JDemo2 - 致命信息
WARN main indi.xu.owercolor.version4.test.Log4JDemo2 - 警告信息
ERROR main indi.xu.owercolor.version4.test.Log4JDemo2 - 错误信息
FATAL main indi.xu.owercolor.version4.test.Log4JDemo2 - 致命信息
WARN main indi.xu.owercolor.version4.test.Log4JDemo2 - 警告信息
ERROR main indi.xu.owercolor.version4.test.Log4JDemo2 - 错误信息
FATAL main indi.xu.owercolor.version4.test.Log4JDemo2 - 致命信息
WARN main indi.xu.owercolor.version4.test.Log4JDemo2 - 警告信息
ERROR main indi.xu.owercolor.version4.test.Log4JDemo2 - 错误信息
FATAL main indi.xu.owercolor.version4.test.Log4JDemo2 - 致命信息
WARN main indi.xu.owercolor.version4.test.Log4JDemo2 - 警告信息
ERROR main indi.xu.owercolor.version4.test.Log4JDemo2 - 错误信息
FATAL main indi.xu.owercolor.version4.test.Log4JDemo2 - 致命信息
WARN main indi.xu.owercolor.version4.test.Log4JDemo2 - 警告信息
ERROR main indi.xu.owercolor.version4.test.Log4JDemo2 - 错误信息
FATAL main indi.xu.owercolor.version4.test.Log4JDemo2 - 致命信息
WARN main indi.xu.owercolor.version4.test.Log4JDemo2 - 警告信息
ERROR main indi.xu.owercolor.version4.test.Log4JDemo2 - 错误信息
FATAL main indi.xu.owercolor.version4.test.Log4JDemo2 - 致命信息
WARN main indi.xu.owercolor.version4.test.Log4JDemo2 - 警告信息
ERROR main indi.xu.owercolor.version4.test.Log4JDemo2 - 错误信息
FATAL main indi.xu.owercolor.version4.test.Log4JDemo2 - 致命信息
WARN main indi.xu.owercolor.version4.test.Log4JDemo2 - 警告信息
ERROR main indi.xu.owercolor.version4.test.Log4JDemo2 - 错误信息
FATAL main indi.xu.owercolor.version4.test.Log4JDemo2 - 致命信息
WARN main indi.xu.owercolor.version4.test.Log4JDemo2 - 警告信息
ERROR main indi.xu.owercolor.version4.test.Log4JDemo2 - 错误信息
FATAL main indi.xu.owercolor.version4.test.Log4JDemo2 - 致命信息
WARN main indi.xu.owercolor.version4.test.Log4JDemo2 - 警告信息
ERROR main indi.xu.owercolor.version4.test.Log4JDemo2 - 错误信息
FATAL main indi.xu.owercolor.version4.test.Log4JDemo2 - 致命信息
WARN main indi.xu.owercolor.version4.test.Log4JDemo2 - 警告信息
ERROR main indi.xu.owercolor.version4.test.Log4JDemo2 - 错误信息
FATAL main indi.xu.owercolor.version4.test.Log4JDemo2 - 致命信息
WARN main indi.xu.owercolor.version4.test.Log4JDemo2 - 警告信息
ERROR main indi.xu.owercolor.version4.test.Log4JDemo2 - 错误信息
FATAL main indi.xu.owercolor.version4.test.Log4JDemo2 - 致命信息
WARN main indi.xu.owercolor.version4.test.Log4JDemo2 - 警告信息
ERROR main indi.xu.owercolor.version4.test.Log4JDemo2 - 错误信息
FATAL main indi.xu.owercolor.version4.test.Log4JDemo2 - 致命信息
WARN main indi.xu.owercolor.version4.test.Log4JDemo2 - 警告信息
ERROR main indi.xu.owercolor.version4.test.Log4JDemo2 - 错误信息
FATAL main indi.xu.owercolor.version4.test.Log4JDemo2 - 致命信息
WARN main indi.xu.owercolor.version4.test.Log4JDemo2 - 警告信息
ERROR main indi.xu.owercolor.version4.test.Log4JDemo2 - 错误信息
FATAL main indi.xu.owercolor.version4.test.Log4JDemo2 - 致命信息
WARN main indi.xu.owercolor.version4.test.Log4JDemo2 - 警告信息
ERROR main indi.xu.owercolor.version4.test.Log4JDemo2 - 错误信息
FATAL main indi.xu.owercolor.version4.test.Log4JDemo2 - 致命信息
WARN main indi.xu.owercolor.version4.test.Log4JDemo2 - 警告信息
ERROR main indi.xu.owercolor.version4.test.Log4JDemo2 - 错误信息
FATAL main indi.xu.owercolor.version4.test.Log4JDemo2 - 致命信息
WARN main indi.xu.owercolor.version4.test.Log4JDemo2 - 警告信息
ERROR main indi.xu.owercolor.version4.test.Log4JDemo2 - 错误信息
FATAL main indi.xu.owercolor.version4.test.Log4JDemo2 - 致命信息
WARN main indi.xu.owercolor.version4.test.Log4JDemo2 - 警告信息
ERROR main indi.xu.owercolor.version4.test.Log4JDemo2 - 错误信息
FATAL main indi.xu.owercolor.version4.test.Log4JDemo2 - 致命信息
WARN main indi.xu.owercolor.version4.test.Log4JDemo2 - 警告信息
ERROR main indi.xu.owercolor.version4.test.Log4JDemo2 - 错误信息
FATAL main indi.xu.owercolor.version4.test.Log4JDemo2 - 致命信息
WARN main indi.xu.owercolor.version4.test.Log4JDemo2 - 警告信息
ERROR main indi.xu.owercolor.version4.test.Log4JDemo2 - 错误信息
FATAL main indi.xu.owercolor.version4.test.Log4JDemo2 - 致命信息
WARN main indi.xu.owercolor.version4.test.Log4JDemo2 - 警告信息
ERROR main indi.xu.owercolor.version4.test.Log4JDemo2 - 错误信息
FATAL main indi.xu.owercolor.version4.test.Log4JDemo2 - 致命信息
WARN main indi.xu.owercolor.version4.test.Log4JDemo2 - 警告信息
ERROR main indi.xu.owercolor.version4.test.Log4JDemo2 - 错误信息
FATAL main indi.xu.owercolor.version4.test.Log4JDemo2 - 致命信息
WARN main indi.xu.owercolor.version4.test.Log4JDemo2 - 警告信息
ERROR main indi.xu.owercolor.version4.test.Log4JDemo2 - 错误信息
FATAL main indi.xu.owercolor.version4.test.Log4JDemo2 - 致命信息
WARN main indi.xu.owercolor.version4.test.Log4JDemo2 - 警告信息
ERROR main indi.xu.owercolor.version4.test.Log4JDemo2 - 错误信息
FATAL main indi.xu.owercolor.version4.test.Log4JDemo2 - 致命信息
WARN main indi.xu.owercolor.version4.test.Log4JDemo2 - 警告信息
ERROR main indi.xu.owercolor.version4.test.Log4JDemo2 - 错误信息
FATAL main indi.xu.owercolor.version4.test.Log4JDemo2 - 致命信息
INFO main indi.xu.owercolor.version4.frame.MainFrame - 打开位置:[181,344]
INFO AWT-EventQueue-0 indi.xu.owercolor.version4.frame.MainFrame - 关闭位置:[473,339]
INFO main indi.xu.owercolor.version4.frame.MainFrame - 打开位置:[473,339]
INFO AWT-EventQueue-0 indi.xu.owercolor.version4.frame.MainFrame - 全局Alt+c
INFO AWT-EventQueue-0 indi.xu.owercolor.version4.frame.MainFrame - 关闭位置:[473,339]
DEBUG main indi.xu.owercolor.version4.test.Log4JDemo2 - 调试信息
INFO main indi.xu.owercolor.version4.test.Log4JDemo2 - 输出信息
WARN main indi.xu.owercolor.version4.test.Log4JDemo2 - 警告信息
ERROR main indi.xu.owercolor.version4.test.Log4JDemo2 - 错误信息
FATAL main indi.xu.owercolor.version4.test.Log4JDemo2 - 致命信息
ERROR main indi.xu.owercolor.version4.test.Log4JDemo2 - 错误信息
FATAL main indi.xu.owercolor.version4.test.Log4JDemo2 - 致命信息
WARN main indi.xu.owercolor.version4.test.Log4JDemo2 - 警告信息
ERROR main indi.xu.owercolor.version4.test.Log4JDemo2 - 错误信息
FATAL main indi.xu.owercolor.version4.test.Log4JDemo2 - 致命信息
WARN main indi.xu.owercolor.version4.test.Log4JDemo2 - 警告信息
ERROR main indi.xu.owercolor.version4.test.Log4JDemo2 - 错误信息
FATAL main indi.xu.owercolor.version4.test.Log4JDemo2 - 致命信息
ERROR main indi.xu.owercolor.version4.test.Log4JDemo2 - 错误信息
FATAL main indi.xu.owercolor.version4.test.Log4JDemo2 - 致命信息
DEBUG main indi.xu.owercolor.version4.test.Log4JDemo2 - 调试信息
INFO main indi.xu.owercolor.version4.test.Log4JDemo2 - 输出信息
WARN main indi.xu.owercolor.version4.test.Log4JDemo2 - 警告信息
ERROR main indi.xu.owercolor.version4.test.Log4JDemo2 - 错误信息
FATAL main indi.xu.owercolor.version4.test.Log4JDemo2 - 致命信息
WARN main indi.xu.owercolor.version4.test.Log4JDemo2 - 警告信息
ERROR main indi.xu.owercolor.version4.test.Log4JDemo2 - 错误信息
FATAL main indi.xu.owercolor.version4.test.Log4JDemo2 - 致命信息
ERROR main indi.xu.owercolor.version4.test.Log4JDemo2 - 错误信息
FATAL main indi.xu.owercolor.version4.test.Log4JDemo2 - 致命信息
DEBUG main indi.xu.owercolor.version4.test.Log4JDemo2 - 调试信息
INFO main indi.xu.owercolor.version4.test.Log4JDemo2 - 输出信息
WARN main indi.xu.owercolor.version4.test.Log4JDemo2 - 警告信息
ERROR main indi.xu.owercolor.version4.test.Log4JDemo2 - 错误信息
FATAL main indi.xu.owercolor.version4.test.Log4JDemo2 - 致命信息
WARN main indi.xu.owercolor.version4.test.Log4JDemo2 - 警告信息
ERROR main indi.xu.owercolor.version4.test.Log4JDemo2 - 错误信息
FATAL main indi.xu.owercolor.version4.test.Log4JDemo2 - 致命信息
ERROR main indi.xu.owercolor.version4.test.Log4JDemo2 - 错误信息
FATAL main indi.xu.owercolor.version4.test.Log4JDemo2 - 致命信息
DEBUG main indi.xu.owercolor.version4.test.Log4JDemo2 - 调试信息
INFO main indi.xu.owercolor.version4.test.Log4JDemo2 - 输出信息
WARN main indi.xu.owercolor.version4.test.Log4JDemo2 - 警告信息
ERROR main indi.xu.owercolor.version4.test.Log4JDemo2 - 错误信息
FATAL main indi.xu.owercolor.version4.test.Log4JDemo2 - 致命信息
2020-01-10 22:48:50,737 [WARN ] (indi.xu.owercolor.version4.test.Log4JDemo2.main): 警告信息
2020-01-10 22:48:50,737 [ERROR] (indi.xu.owercolor.version4.test.Log4JDemo2.main): 错误信息
2020-01-10 22:48:50,737 [FATAL] (indi.xu.owercolor.version4.test.Log4JDemo2.main): 致命信息
2020-01-10 22:48:50,737 [ERROR] (indi.xu.owercolor.version4.test.Log4JDemo2.main): 错误信息
2020-01-10 22:48:50,737 [FATAL] (indi.xu.owercolor.version4.test.Log4JDemo2.main): 致命信息
2020-01-10 22:48:50,747 [DEBUG] (indi.xu.owercolor.version4.test.Log4JDemo2.main): 调试信息
2020-01-10 22:48:50,747 [INFO ] (indi.xu.owercolor.version4.test.Log4JDemo2.main): 输出信息
2020-01-10 22:48:50,747 [WARN ] (indi.xu.owercolor.version4.test.Log4JDemo2.main): 警告信息
2020-01-10 22:48:50,747 [ERROR] (indi.xu.owercolor.version4.test.Log4JDemo2.main): 错误信息
2020-01-10 22:48:50,747 [FATAL] (indi.xu.owercolor.version4.test.Log4JDemo2.main): 致命信息
2020-01-10 22:49:48,010 [WARN ] (indi.xu.owercolor.version4.test.Log4JDemo2.main): 警告信息
2020-01-10 22:49:48,010 [ERROR] (indi.xu.owercolor.version4.test.Log4JDemo2.main): 错误信息
2020-01-10 22:49:48,010 [FATAL] (indi.xu.owercolor.version4.test.Log4JDemo2.main): 致命信息
2020-01-10 22:49:48,010 [ERROR] (indi.xu.owercolor.version4.test.Log4JDemo2.main): 错误信息
2020-01-10 22:49:48,010 [FATAL] (indi.xu.owercolor.version4.test.Log4JDemo2.main): 致命信息
2020-01-10 22:49:48,010 [DEBUG] (indi.xu.owercolor.version4.test.Log4JDemo2.main): 调试信息
2020-01-10 22:49:48,010 [INFO ] (indi.xu.owercolor.version4.test.Log4JDemo2.main): 输出信息
2020-01-10 22:49:48,010 [WARN ] (indi.xu.owercolor.version4.test.Log4JDemo2.main): 警告信息
2020-01-10 22:49:48,010 [ERROR] (indi.xu.owercolor.version4.test.Log4JDemo2.main): 错误信息
2020-01-10 22:49:48,010 [FATAL] (indi.xu.owercolor.version4.test.Log4JDemo2.main): 致命信息
2020-01-11 13:06:07,726 [WARN ] (indi.xu.owercolor.version4.test.Log4JDemo2.main): 警告信息
2020-01-11 13:06:07,736 [ERROR] (indi.xu.owercolor.version4.test.Log4JDemo2.main): 错误信息
2020-01-11 13:06:07,736 [FATAL] (indi.xu.owercolor.version4.test.Log4JDemo2.main): 致命信息
2020-01-11 13:06:07,736 [ERROR] (indi.xu.owercolor.version4.test.Log4JDemo2.main): 错误信息
2020-01-11 13:06:07,736 [FATAL] (indi.xu.owercolor.version4.test.Log4JDemo2.main): 致命信息
2020-01-11 13:06:07,736 [DEBUG] (indi.xu.owercolor.version4.test.Log4JDemo2.main): 调试信息
2020-01-11 13:06:07,736 [INFO ] (indi.xu.owercolor.version4.test.Log4JDemo2.main): 输出信息
2020-01-11 13:06:07,736 [WARN ] (indi.xu.owercolor.version4.test.Log4JDemo2.main): 警告信息
2020-01-11 13:06:07,736 [ERROR] (indi.xu.owercolor.version4.test.Log4JDemo2.main): 错误信息
2020-01-11 13:06:07,736 [FATAL] (indi.xu.owercolor.version4.test.Log4JDemo2.main): 致命信息
2020-01-19 19:02:58,714 [INFO ] (indi.xu.owercolor.version4.frame.MainFrame.main): 打开位置:[473,339]
2020-01-19 19:03:45,300 [INFO ] (indi.xu.owercolor.version4.frame.MainFrame.AWT-EventQueue-0): 关闭位置:[581,215]
2020-04-02 13:22:36,770 [WARN ] (indi.xu.owercolor.version4.util.PropertiesUtils.main): 无配置文件--生成配置文件true
2020-04-02 13:22:37,575 [INFO ] (indi.xu.owercolor.version4.frame.MainFrame.main): 打开位置:[400,400]
2020-04-02 13:22:57,168 [INFO ] (indi.xu.owercolor.version4.frame.MainFrame.AWT-EventQueue-0): 全局Alt+c
2020-04-02 13:23:00,027 [INFO ] (indi.xu.owercolor.version4.frame.MainFrame.AWT-EventQueue-0): 全局Alt+c
2020-04-02 13:23:02,703 [INFO ] (indi.xu.owercolor.version4.frame.MainFrame.AWT-EventQueue-0): 全局Alt+c
2020-04-02 13:23:05,497 [INFO ] (indi.xu.owercolor.version4.frame.MainFrame.AWT-EventQueue-0): 全局Alt+c
2020-04-02 13:23:23,256 [INFO ] (indi.xu.owercolor.version4.frame.MainFrame.AWT-EventQueue-0): 全局Alt+c
2020-04-02 13:24:11,052 [INFO ] (indi.xu.owercolor.version4.frame.MainFrame.AWT-EventQueue-0): 关闭位置:[1241,189]
2020-05-12 16:18:30,340 [INFO ] (indi.xu.owercolor.version4.frame.MainFrame.main): 打开位置:[1241,189]
2020-05-12 16:18:36,743 [INFO ] (indi.xu.owercolor.version4.frame.MainFrame.AWT-EventQueue-0): 全局Alt+c
2020-05-12 16:18:36,774 [INFO ] (indi.xu.owercolor.version4.frame.MainFrame.AWT-EventQueue-0): 1167.0,117.0
2020-05-12 16:18:53,176 [INFO ] (indi.xu.owercolor.version4.frame.MainFrame.AWT-EventQueue-0): 全局Alt+c
2020-05-12 16:18:53,177 [INFO ] (indi.xu.owercolor.version4.frame.MainFrame.AWT-EventQueue-0): 513.0,52.0
2020-05-12 16:19:09,701 [INFO ] (indi.xu.owercolor.version4.frame.MainFrame.AWT-EventQueue-0): 关闭位置:[1275,217]
